[2026-05-16T18:01:52.657233600] A001: LOGIN
[2026-05-16T19:22:01.602882500] A001: LOGIN
[2026-05-16T19:22:18.420341500] A001: LOGOUT
[2026-05-16T19:22:36.892667800] T002: LOGIN
[2026-05-16T19:26:37.700836700] T002: LOGOUT
[2026-05-16T19:26:55.782598300] S001: LOGIN
[2026-05-16T19:27:10.304556500] S001: REG_REQUEST CSCI 3160
[2026-05-16T19:27:24.413089800] S001: LOGOUT
[2026-05-16T19:27:31.973033300] M001: LOGIN
[2026-05-16T19:27:51.662122400] manager: APPROVE_REG S001/CSCI 3160
[2026-05-16T19:27:54.821512600] M001: LOGOUT
[2026-05-16T19:28:15.219319400] T002: LOGIN
[2026-05-16T19:28:51.224724600] T002: PUT_MARK S001/CSCI 3160 total=87.0
[2026-05-16T19:32:09.724163300] T002: LOGOUT
[2026-05-16T19:32:15.437243100] S001: LOGIN
[2026-05-16T19:32:21.964732700] S001: REG_REQUEST CSCI 4160
[2026-05-16T19:32:32.176224100] S001: REG_REQUEST CSCI 3120
[2026-05-16T19:32:40.332164300] S001: REG_REQUEST CSCI 3120
[2026-05-16T19:34:22.890899900] S001: LOGOUT
[2026-05-16T19:34:31.190098400] M001: LOGIN
[2026-05-16T19:34:38.784509900] manager: APPROVE_REG S001/CSCI 4160
[2026-05-16T19:34:43.338266600] manager: APPROVE_REG S001/CSCI 3120
[2026-05-16T19:35:25.244702800] manager: ADD_COURSE MATH 5000
[2026-05-16T19:35:27.356368200] M001: LOGOUT
[2026-05-16T19:35:32.315182900] S001: LOGIN
[2026-05-17T14:37:54.353981700] S001: LOGIN
